  LINK : C:\Users\nico\Desktop\2ndo VJ\FISICA\3DBULLETFISICA\Bullet3DCarGame_JoanPareja_NicoBabot\Physics3D_class5 - solution\Debug\3D Physics - class5.exe not found or not built by the last incremental link; performing full link
BulletDynamics_debug.lib(btDiscreteDynamicsWorld.obj) : warning LNK4204: 'C:\Users\nico\Desktop\2ndo VJ\FISICA\3DBULLETFISICA\Bullet3DCarGame_JoanPareja_NicoBabot\Physics3D_class5 - solution\Debug\vc140.pdb' is missing debugging information for referencing module; linking object as if no debug info
BulletDynamics_debug.lib(btRigidBody.obj) : warning LNK4204: 'C:\Users\nico\Desktop\2ndo VJ\FISICA\3DBULLETFISICA\Bullet3DCarGame_JoanPareja_NicoBabot\Physics3D_class5 - solution\Debug\vc140.pdb' is missing debugging information for referencing module; linking object as if no debug info
BulletDynamics_debug.lib(btConeTwistConstraint.obj) : warning LNK4204: 'C:\Users\nico\Desktop\2ndo VJ\FISICA\3DBULLETFISICA\Bullet3DCarGame_JoanPareja_NicoBabot\Physics3D_class5 - solution\Debug\vc140.pdb' is missing debugging information for referencing module; linking object as if no debug info
BulletDynamics_debug.lib(btContactConstraint.obj) : warning LNK4204: 'C:\Users\nico\Desktop\2ndo VJ\FISICA\3DBULLETFISICA\Bullet3DCarGame_JoanPareja_NicoBabot\Physics3D_class5 - solution\Debug\vc140.pdb' is missing debugging information for referencing module; linking object as if no debug info
BulletDynamics_debug.lib(btGeneric6DofConstraint.obj) : warning LNK4204: 'C:\Users\nico\Desktop\2ndo VJ\FISICA\3DBULLETFISICA\Bullet3DCarGame_JoanPareja_NicoBabot\Physics3D_class5 - solution\Debug\vc140.pdb' is missing debugging information for referencing module; linking object as if no debug info
BulletDynamics_debug.lib(btHingeConstraint.obj) : warning LNK4204: 'C:\Users\nico\Desktop\2ndo VJ\FISICA\3DBULLETFISICA\Bullet3DCarGame_JoanPareja_NicoBabot\Physics3D_class5 - solution\Debug\vc140.pdb' is missing debugging information for referencing module; linking object as if no debug info
BulletDynamics_debug.lib(btPoint2PointConstraint.obj) : warning LNK4204: 'C:\Users\nico\Desktop\2ndo VJ\FISICA\3DBULLETFISICA\Bullet3DCarGame_JoanPareja_NicoBabot\Physics3D_class5 - solution\Debug\vc140.pdb' is missing debugging information for referencing module; linking object as if no debug info
BulletDynamics_debug.lib(btSequentialImpulseConstraintSolver.obj) : warning LNK4204: 'C:\Users\nico\Desktop\2ndo VJ\FISICA\3DBULLETFISICA\Bullet3DCarGame_JoanPareja_NicoBabot\Physics3D_class5 - solution\Debug\vc140.pdb' is missing debugging information for referencing module; linking object as if no debug info
BulletDynamics_debug.lib(btTypedConstraint.obj) : warning LNK4204: 'C:\Users\nico\Desktop\2ndo VJ\FISICA\3DBULLETFISICA\Bullet3DCarGame_JoanPareja_NicoBabot\Physics3D_class5 - solution\Debug\vc140.pdb' is missing debugging information for referencing module; linking object as if no debug info
BulletDynamics_debug.lib(btRaycastVehicle.obj) : warning LNK4204: 'C:\Users\nico\Desktop\2ndo VJ\FISICA\3DBULLETFISICA\Bullet3DCarGame_JoanPareja_NicoBabot\Physics3D_class5 - solution\Debug\vc140.pdb' is missing debugging information for referencing module; linking object as if no debug info
BulletDynamics_debug.lib(btWheelInfo.obj) : warning LNK4204: 'C:\Users\nico\Desktop\2ndo VJ\FISICA\3DBULLETFISICA\Bullet3DCarGame_JoanPareja_NicoBabot\Physics3D_class5 - solution\Debug\vc140.pdb' is missing debugging information for referencing module; linking object as if no debug info
BulletCollision_debug.lib(btCollisionAlgorithm.obj) : warning LNK4204: 'C:\Users\nico\Desktop\2ndo VJ\FISICA\3DBULLETFISICA\Bullet3DCarGame_JoanPareja_NicoBabot\Physics3D_class5 - solution\Debug\vc140.pdb' is missing debugging information for referencing module; linking object as if no debug info
BulletCollision_debug.lib(btDbvt.obj) : warning LNK4204: 'C:\Users\nico\Desktop\2ndo VJ\FISICA\3DBULLETFISICA\Bullet3DCarGame_JoanPareja_NicoBabot\Physics3D_class5 - solution\Debug\vc140.pdb' is missing debugging information for referencing module; linking object as if no debug info
BulletCollision_debug.lib(btDbvtBroadphase.obj) : warning LNK4204: 'C:\Users\nico\Desktop\2ndo VJ\FISICA\3DBULLETFISICA\Bullet3DCarGame_JoanPareja_NicoBabot\Physics3D_class5 - solution\Debug\vc140.pdb' is missing debugging information for referencing module; linking object as if no debug info
BulletCollision_debug.lib(btDispatcher.obj) : warning LNK4204: 'C:\Users\nico\Desktop\2ndo VJ\FISICA\3DBULLETFISICA\Bullet3DCarGame_JoanPareja_NicoBabot\Physics3D_class5 - solution\Debug\vc140.pdb' is missing debugging information for referencing module; linking object as if no debug info
BulletCollision_debug.lib(btOverlappingPairCache.obj) : warning LNK4204: 'C:\Users\nico\Desktop\2ndo VJ\FISICA\3DBULLETFISICA\Bullet3DCarGame_JoanPareja_NicoBabot\Physics3D_class5 - solution\Debug\vc140.pdb' is missing debugging information for referencing module; linking object as if no debug info
BulletCollision_debug.lib(btQuantizedBvh.obj) : warning LNK4204: 'C:\Users\nico\Desktop\2ndo VJ\FISICA\3DBULLETFISICA\Bullet3DCarGame_JoanPareja_NicoBabot\Physics3D_class5 - solution\Debug\vc140.pdb' is missing debugging information for referencing module; linking object as if no debug info
BulletCollision_debug.lib(btActivatingCollisionAlgorithm.obj) : warning LNK4204: 'C:\Users\nico\Desktop\2ndo VJ\FISICA\3DBULLETFISICA\Bullet3DCarGame_JoanPareja_NicoBabot\Physics3D_class5 - solution\Debug\vc140.pdb' is missing debugging information for referencing module; linking object as if no debug info
BulletCollision_debug.lib(btBoxBoxCollisionAlgorithm.obj) : warning LNK4204: 'C:\Users\nico\Desktop\2ndo VJ\FISICA\3DBULLETFISICA\Bullet3DCarGame_JoanPareja_NicoBabot\Physics3D_class5 - solution\Debug\vc140.pdb' is missing debugging information for referencing module; linking object as if no debug info
BulletCollision_debug.lib(btBoxBoxDetector.obj) : warning LNK4204: 'C:\Users\nico\Desktop\2ndo VJ\FISICA\3DBULLETFISICA\Bullet3DCarGame_JoanPareja_NicoBabot\Physics3D_class5 - solution\Debug\vc140.pdb' is missing debugging information for referencing module; linking object as if no debug info
BulletCollision_debug.lib(btCollisionDispatcher.obj) : warning LNK4204: 'C:\Users\nico\Desktop\2ndo VJ\FISICA\3DBULLETFISICA\Bullet3DCarGame_JoanPareja_NicoBabot\Physics3D_class5 - solution\Debug\vc140.pdb' is missing debugging information for referencing module; linking object as if no debug info
BulletCollision_debug.lib(btCollisionObject.obj) : warning LNK4204: 'C:\Users\nico\Desktop\2ndo VJ\FISICA\3DBULLETFISICA\Bullet3DCarGame_JoanPareja_NicoBabot\Physics3D_class5 - solution\Debug\vc140.pdb' is missing debugging information for referencing module; linking object as if no debug info
BulletCollision_debug.lib(btCollisionWorld.obj) : warning LNK4204: 'C:\Users\nico\Desktop\2ndo VJ\FISICA\3DBULLETFISICA\Bullet3DCarGame_JoanPareja_NicoBabot\Physics3D_class5 - solution\Debug\vc140.pdb' is missing debugging information for referencing module; linking object as if no debug info
BulletCollision_debug.lib(btCompoundCollisionAlgorithm.obj) : warning LNK4204: 'C:\Users\nico\Desktop\2ndo VJ\FISICA\3DBULLETFISICA\Bullet3DCarGame_JoanPareja_NicoBabot\Physics3D_class5 - solution\Debug\vc140.pdb' is missing debugging information for referencing module; linking object as if no debug info
BulletCollision_debug.lib(btCompoundCompoundCollisionAlgorithm.obj) : warning LNK4204: 'C:\Users\nico\Desktop\2ndo VJ\FISICA\3DBULLETFISICA\Bullet3DCarGame_JoanPareja_NicoBabot\Physics3D_class5 - solution\Debug\vc140.pdb' is missing debugging information for referencing module; linking object as if no debug info
BulletCollision_debug.lib(btConvexConcaveCollisionAlgorithm.obj) : warning LNK4204: 'C:\Users\nico\Desktop\2ndo VJ\FISICA\3DBULLETFISICA\Bullet3DCarGame_JoanPareja_NicoBabot\Physics3D_class5 - solution\Debug\vc140.pdb' is missing debugging information for referencing module; linking object as if no debug info
BulletCollision_debug.lib(btConvexConvexAlgorithm.obj) : warning LNK4204: 'C:\Users\nico\Desktop\2ndo VJ\FISICA\3DBULLETFISICA\Bullet3DCarGame_JoanPareja_NicoBabot\Physics3D_class5 - solution\Debug\vc140.pdb' is missing debugging information for referencing module; linking object as if no debug info
BulletCollision_debug.lib(btConvexPlaneCollisionAlgorithm.obj) : warning LNK4204: 'C:\Users\nico\Desktop\2ndo VJ\FISICA\3DBULLETFISICA\Bullet3DCarGame_JoanPareja_NicoBabot\Physics3D_class5 - solution\Debug\vc140.pdb' is missing debugging information for referencing module; linking object as if no debug info
BulletCollision_debug.lib(btDefaultCollisionConfiguration.obj) : warning LNK4204: 'C:\Users\nico\Desktop\2ndo VJ\FISICA\3DBULLETFISICA\Bullet3DCarGame_JoanPareja_NicoBabot\Physics3D_class5 - solution\Debug\vc140.pdb' is missing debugging information for referencing module; linking object as if no debug info
BulletCollision_debug.lib(btEmptyCollisionAlgorithm.obj) : warning LNK4204: 'C:\Users\nico\Desktop\2ndo VJ\FISICA\3DBULLETFISICA\Bullet3DCarGame_JoanPareja_NicoBabot\Physics3D_class5 - solution\Debug\vc140.pdb' is missing debugging information for referencing module; linking object as if no debug info
BulletCollision_debug.lib(btHashedSimplePairCache.obj) : warning LNK4204: 'C:\Users\nico\Desktop\2ndo VJ\FISICA\3DBULLETFISICA\Bullet3DCarGame_JoanPareja_NicoBabot\Physics3D_class5 - solution\Debug\vc140.pdb' is missing debugging information for referencing module; linking object as if no debug info
BulletCollision_debug.lib(btManifoldResult.obj) : warning LNK4204: 'C:\Users\nico\Desktop\2ndo VJ\FISICA\3DBULLETFISICA\Bullet3DCarGame_JoanPareja_NicoBabot\Physics3D_class5 - solution\Debug\vc140.pdb' is missing debugging information for referencing module; linking object as if no debug info
BulletCollision_debug.lib(btSimulationIslandManager.obj) : warning LNK4204: 'C:\Users\nico\Desktop\2ndo VJ\FISICA\3DBULLETFISICA\Bullet3DCarGame_JoanPareja_NicoBabot\Physics3D_class5 - solution\Debug\vc140.pdb' is missing debugging information for referencing module; linking object as if no debug info
BulletCollision_debug.lib(btSphereSphereCollisionAlgorithm.obj) : warning LNK4204: 'C:\Users\nico\Desktop\2ndo VJ\FISICA\3DBULLETFISICA\Bullet3DCarGame_JoanPareja_NicoBabot\Physics3D_class5 - solution\Debug\vc140.pdb' is missing debugging information for referencing module; linking object as if no debug info
BulletCollision_debug.lib(btSphereTriangleCollisionAlgorithm.obj) : warning LNK4204: 'C:\Users\nico\Desktop\2ndo VJ\FISICA\3DBULLETFISICA\Bullet3DCarGame_JoanPareja_NicoBabot\Physics3D_class5 - solution\Debug\vc140.pdb' is missing debugging information for referencing module; linking object as if no debug info
BulletCollision_debug.lib(btUnionFind.obj) : warning LNK4204: 'C:\Users\nico\Desktop\2ndo VJ\FISICA\3DBULLETFISICA\Bullet3DCarGame_JoanPareja_NicoBabot\Physics3D_class5 - solution\Debug\vc140.pdb' is missing debugging information for referencing module; linking object as if no debug info
BulletCollision_debug.lib(SphereTriangleDetector.obj) : warning LNK4204: 'C:\Users\nico\Desktop\2ndo VJ\FISICA\3DBULLETFISICA\Bullet3DCarGame_JoanPareja_NicoBabot\Physics3D_class5 - solution\Debug\vc140.pdb' is missing debugging information for referencing module; linking object as if no debug info
BulletCollision_debug.lib(btBoxShape.obj) : warning LNK4204: 'C:\Users\nico\Desktop\2ndo VJ\FISICA\3DBULLETFISICA\Bullet3DCarGame_JoanPareja_NicoBabot\Physics3D_class5 - solution\Debug\vc140.pdb' is missing debugging information for referencing module; linking object as if no debug info
BulletCollision_debug.lib(btBvhTriangleMeshShape.obj) : warning LNK4204: 'C:\Users\nico\Desktop\2ndo VJ\FISICA\3DBULLETFISICA\Bullet3DCarGame_JoanPareja_NicoBabot\Physics3D_class5 - solution\Debug\vc140.pdb' is missing debugging information for referencing module; linking object as if no debug info
BulletCollision_debug.lib(btCollisionShape.obj) : warning LNK4204: 'C:\Users\nico\Desktop\2ndo VJ\FISICA\3DBULLETFISICA\Bullet3DCarGame_JoanPareja_NicoBabot\Physics3D_class5 - solution\Debug\vc140.pdb' is missing debugging information for referencing module; linking object as if no debug info
BulletCollision_debug.lib(btCompoundShape.obj) : warning LNK4204: 'C:\Users\nico\Desktop\2ndo VJ\FISICA\3DBULLETFISICA\Bullet3DCarGame_JoanPareja_NicoBabot\Physics3D_class5 - solution\Debug\vc140.pdb' is missing debugging information for referencing module; linking object as if no debug info
BulletCollision_debug.lib(btConcaveShape.obj) : warning LNK4204: 'C:\Users\nico\Desktop\2ndo VJ\FISICA\3DBULLETFISICA\Bullet3DCarGame_JoanPareja_NicoBabot\Physics3D_class5 - solution\Debug\vc140.pdb' is missing debugging information for referencing module; linking object as if no debug info
BulletCollision_debug.lib(btConvexInternalShape.obj) : warning LNK4204: 'C:\Users\nico\Desktop\2ndo VJ\FISICA\3DBULLETFISICA\Bullet3DCarGame_JoanPareja_NicoBabot\Physics3D_class5 - solution\Debug\vc140.pdb' is missing debugging information for referencing module; linking object as if no debug info
BulletCollision_debug.lib(btConvexPolyhedron.obj) : warning LNK4204: 'C:\Users\nico\Desktop\2ndo VJ\FISICA\3DBULLETFISICA\Bullet3DCarGame_JoanPareja_NicoBabot\Physics3D_class5 - solution\Debug\vc140.pdb' is missing debugging information for referencing module; linking object as if no debug info
BulletCollision_debug.lib(btConvexShape.obj) : warning LNK4204: 'C:\Users\nico\Desktop\2ndo VJ\FISICA\3DBULLETFISICA\Bullet3DCarGame_JoanPareja_NicoBabot\Physics3D_class5 - solution\Debug\vc140.pdb' is missing debugging information for referencing module; linking object as if no debug info
BulletCollision_debug.lib(btCylinderShape.obj) : warning LNK4204: 'C:\Users\nico\Desktop\2ndo VJ\FISICA\3DBULLETFISICA\Bullet3DCarGame_JoanPareja_NicoBabot\Physics3D_class5 - solution\Debug\vc140.pdb' is missing debugging information for referencing module; linking object as if no debug info
BulletCollision_debug.lib(btOptimizedBvh.obj) : warning LNK4204: 'C:\Users\nico\Desktop\2ndo VJ\FISICA\3DBULLETFISICA\Bullet3DCarGame_JoanPareja_NicoBabot\Physics3D_class5 - solution\Debug\vc140.pdb' is missing debugging information for referencing module; linking object as if no debug info
BulletCollision_debug.lib(btPolyhedralConvexShape.obj) : warning LNK4204: 'C:\Users\nico\Desktop\2ndo VJ\FISICA\3DBULLETFISICA\Bullet3DCarGame_JoanPareja_NicoBabot\Physics3D_class5 - solution\Debug\vc140.pdb' is missing debugging information for referencing module; linking object as if no debug info
BulletCollision_debug.lib(btSphereShape.obj) : warning LNK4204: 'C:\Users\nico\Desktop\2ndo VJ\FISICA\3DBULLETFISICA\Bullet3DCarGame_JoanPareja_NicoBabot\Physics3D_class5 - solution\Debug\vc140.pdb' is missing debugging information for referencing module; linking object as if no debug info
BulletCollision_debug.lib(btStaticPlaneShape.obj) : warning LNK4204: 'C:\Users\nico\Desktop\2ndo VJ\FISICA\3DBULLETFISICA\Bullet3DCarGame_JoanPareja_NicoBabot\Physics3D_class5 - solution\Debug\vc140.pdb' is missing debugging information for referencing module; linking object as if no debug info
BulletCollision_debug.lib(btTriangleCallback.obj) : warning LNK4204: 'C:\Users\nico\Desktop\2ndo VJ\FISICA\3DBULLETFISICA\Bullet3DCarGame_JoanPareja_NicoBabot\Physics3D_class5 - solution\Debug\vc140.pdb' is missing debugging information for referencing module; linking object as if no debug info
BulletCollision_debug.lib(btTriangleMeshShape.obj) : warning LNK4204: 'C:\Users\nico\Desktop\2ndo VJ\FISICA\3DBULLETFISICA\Bullet3DCarGame_JoanPareja_NicoBabot\Physics3D_class5 - solution\Debug\vc140.pdb' is missing debugging information for referencing module; linking object as if no debug info
BulletCollision_debug.lib(btContinuousConvexCollision.obj) : warning LNK4204: 'C:\Users\nico\Desktop\2ndo VJ\FISICA\3DBULLETFISICA\Bullet3DCarGame_JoanPareja_NicoBabot\Physics3D_class5 - solution\Debug\vc140.pdb' is missing debugging information for referencing module; linking object as if no debug info
BulletCollision_debug.lib(btConvexCast.obj) : warning LNK4204: 'C:\Users\nico\Desktop\2ndo VJ\FISICA\3DBULLETFISICA\Bullet3DCarGame_JoanPareja_NicoBabot\Physics3D_class5 - solution\Debug\vc140.pdb' is missing debugging information for referencing module; linking object as if no debug info
BulletCollision_debug.lib(btGjkConvexCast.obj) : warning LNK4204: 'C:\Users\nico\Desktop\2ndo VJ\FISICA\3DBULLETFISICA\Bullet3DCarGame_JoanPareja_NicoBabot\Physics3D_class5 - solution\Debug\vc140.pdb' is missing debugging information for referencing module; linking object as if no debug info
BulletCollision_debug.lib(btGjkEpa2.obj) : warning LNK4204: 'C:\Users\nico\Desktop\2ndo VJ\FISICA\3DBULLETFISICA\Bullet3DCarGame_JoanPareja_NicoBabot\Physics3D_class5 - solution\Debug\vc140.pdb' is missing debugging information for referencing module; linking object as if no debug info
BulletCollision_debug.lib(btGjkEpaPenetrationDepthSolver.obj) : warning LNK4204: 'C:\Users\nico\Desktop\2ndo VJ\FISICA\3DBULLETFISICA\Bullet3DCarGame_JoanPareja_NicoBabot\Physics3D_class5 - solution\Debug\vc140.pdb' is missing debugging information for referencing module; linking object as if no debug info
BulletCollision_debug.lib(btGjkPairDetector.obj) : warning LNK4204: 'C:\Users\nico\Desktop\2ndo VJ\FISICA\3DBULLETFISICA\Bullet3DCarGame_JoanPareja_NicoBabot\Physics3D_class5 - solution\Debug\vc140.pdb' is missing debugging information for referencing module; linking object as if no debug info
BulletCollision_debug.lib(btMinkowskiPenetrationDepthSolver.obj) : warning LNK4204: 'C:\Users\nico\Desktop\2ndo VJ\FISICA\3DBULLETFISICA\Bullet3DCarGame_JoanPareja_NicoBabot\Physics3D_class5 - solution\Debug\vc140.pdb' is missing debugging information for referencing module; linking object as if no debug info
BulletCollision_debug.lib(btPersistentManifold.obj) : warning LNK4204: 'C:\Users\nico\Desktop\2ndo VJ\FISICA\3DBULLETFISICA\Bullet3DCarGame_JoanPareja_NicoBabot\Physics3D_class5 - solution\Debug\vc140.pdb' is missing debugging information for referencing module; linking object as if no debug info
BulletCollision_debug.lib(btPolyhedralContactClipping.obj) : warning LNK4204: 'C:\Users\nico\Desktop\2ndo VJ\FISICA\3DBULLETFISICA\Bullet3DCarGame_JoanPareja_NicoBabot\Physics3D_class5 - solution\Debug\vc140.pdb' is missing debugging information for referencing module; linking object as if no debug info
BulletCollision_debug.lib(btRaycastCallback.obj) : warning LNK4204: 'C:\Users\nico\Desktop\2ndo VJ\FISICA\3DBULLETFISICA\Bullet3DCarGame_JoanPareja_NicoBabot\Physics3D_class5 - solution\Debug\vc140.pdb' is missing debugging information for referencing module; linking object as if no debug info
BulletCollision_debug.lib(btSubSimplexConvexCast.obj) : warning LNK4204: 'C:\Users\nico\Desktop\2ndo VJ\FISICA\3DBULLETFISICA\Bullet3DCarGame_JoanPareja_NicoBabot\Physics3D_class5 - solution\Debug\vc140.pdb' is missing debugging information for referencing module; linking object as if no debug info
BulletCollision_debug.lib(btVoronoiSimplexSolver.obj) : warning LNK4204: 'C:\Users\nico\Desktop\2ndo VJ\FISICA\3DBULLETFISICA\Bullet3DCarGame_JoanPareja_NicoBabot\Physics3D_class5 - solution\Debug\vc140.pdb' is missing debugging information for referencing module; linking object as if no debug info
LinearMath_debug.lib(btAlignedAllocator.obj) : warning LNK4204: 'C:\Users\nico\Desktop\2ndo VJ\FISICA\3DBULLETFISICA\Bullet3DCarGame_JoanPareja_NicoBabot\Physics3D_class5 - solution\Debug\vc140.pdb' is missing debugging information for referencing module; linking object as if no debug info
LinearMath_debug.lib(btConvexHullComputer.obj) : warning LNK4204: 'C:\Users\nico\Desktop\2ndo VJ\FISICA\3DBULLETFISICA\Bullet3DCarGame_JoanPareja_NicoBabot\Physics3D_class5 - solution\Debug\vc140.pdb' is missing debugging information for referencing module; linking object as if no debug info
LinearMath_debug.lib(btGeometryUtil.obj) : warning LNK4204: 'C:\Users\nico\Desktop\2ndo VJ\FISICA\3DBULLETFISICA\Bullet3DCarGame_JoanPareja_NicoBabot\Physics3D_class5 - solution\Debug\vc140.pdb' is missing debugging information for referencing module; linking object as if no debug info
LinearMath_debug.lib(btQuickprof.obj) : warning LNK4204: 'C:\Users\nico\Desktop\2ndo VJ\FISICA\3DBULLETFISICA\Bullet3DCarGame_JoanPareja_NicoBabot\Physics3D_class5 - solution\Debug\vc140.pdb' is missing debugging information for referencing module; linking object as if no debug info
LinearMath_debug.lib(btVector3.obj) : warning LNK4204: 'C:\Users\nico\Desktop\2ndo VJ\FISICA\3DBULLETFISICA\Bullet3DCarGame_JoanPareja_NicoBabot\Physics3D_class5 - solution\Debug\vc140.pdb' is missing debugging information for referencing module; linking object as if no debug info
  3D Physics.vcxproj -> C:\Users\nico\Desktop\2ndo VJ\FISICA\3DBULLETFISICA\Bullet3DCarGame_JoanPareja_NicoBabot\Physics3D_class5 - solution\Debug\3D Physics - class5.exe
  3D Physics.vcxproj -> C:\Users\nico\Desktop\2ndo VJ\FISICA\3DBULLETFISICA\Bullet3DCarGame_JoanPareja_NicoBabot\Physics3D_class5 - solution\Debug\3D Physics - class5.pdb (Full PDB)
